<?xml version="1.0" encoding="UTF-8"?>
<testng-results total="3" passed="3" failed="0" skipped="0">
  <reporter-output>
  </reporter-output>
  <suite started-at="2023-03-04T10:37:31Z" name="Default suite" finished-at="2023-03-04T10:37:51Z" duration-ms="19996">
    <groups>
    </groups>
    <test started-at="2023-03-04T10:37:31Z" name="Default test" finished-at="2023-03-04T10:37:51Z" duration-ms="19996">
      <class name="tests.Login">
        <test-method signature="loginTest(java.lang.String, java.lang.String)[pri:0, instance:tests.Login@12d2ce03]" started-at="2023-03-04T16:07:31Z" name="loginTest" data-provider="dataSupplier" finished-at="2023-03-04T16:07:40Z" duration-ms="8862" status="PASS">
          <params>
            <param index="0">
              <value>
                <![CDATA[yashuqa001@gmail.com]]>
              </value>
            </param>
            <param index="1">
              <value>
                <![CDATA[yashu12345!]]>
              </value>
            </param>
          </params>
          <reporter-output>
          </reporter-output>
        </test-method> <!-- loginTest -->
        <test-method is-config="true" signature="tearDown()[pri:0, instance:tests.Login@12d2ce03]" started-at="2023-03-04T16:07:40Z" name="tearDown" finished-at="2023-03-04T16:07:40Z" duration-ms="372" status="PASS">
          <reporter-output>
          </reporter-output>
        </test-method> <!-- tearDown -->
        <test-method signature="loginTest(java.lang.String, java.lang.String)[pri:0, instance:tests.Login@12d2ce03]" started-at="2023-03-04T16:07:40Z" name="loginTest" data-provider="dataSupplier" finished-at="2023-03-04T16:07:46Z" duration-ms="5439" status="PASS">
          <params>
            <param index="0">
              <value>
                <![CDATA[pinky@gmail.com]]>
              </value>
            </param>
            <param index="1">
              <value>
                <![CDATA[pinky12345!]]>
              </value>
            </param>
          </params>
          <reporter-output>
          </reporter-output>
        </test-method> <!-- loginTest -->
        <test-method is-config="true" signature="tearDown()[pri:0, instance:tests.Login@12d2ce03]" started-at="2023-03-04T16:07:46Z" name="tearDown" finished-at="2023-03-04T16:07:46Z" duration-ms="355" status="PASS">
          <reporter-output>
          </reporter-output>
        </test-method> <!-- tearDown -->
        <test-method signature="loginTest(java.lang.String, java.lang.String)[pri:0, instance:tests.Login@12d2ce03]" started-at="2023-03-04T16:07:46Z" name="loginTest" data-provider="dataSupplier" finished-at="2023-03-04T16:07:51Z" duration-ms="4612" status="PASS">
          <params>
            <param index="0">
              <value>
                <![CDATA[yashu@gmail.com]]>
              </value>
            </param>
            <param index="1">
              <value>
                <![CDATA[yashu!]]>
              </value>
            </param>
          </params>
          <reporter-output>
          </reporter-output>
        </test-method> <!-- loginTest -->
        <test-method is-config="true" signature="tearDown()[pri:0, instance:tests.Login@12d2ce03]" started-at="2023-03-04T16:07:51Z" name="tearDown" finished-at="2023-03-04T16:07:51Z" duration-ms="311" status="PASS">
          <reporter-output>
          </reporter-output>
        </test-method> <!-- tearDown -->
      </class> <!-- tests.Login -->
    </test> <!-- Default test -->
  </suite> <!-- Default suite -->
</testng-results>
